#
# A fatal error has been detected by the Java Runtime Environment:
#
#  EXCEPTION_ACCESS_VIOLATION (0xc0000005) at pc=0x6970f101, pid=3000, tid=4260
#
# JRE version: 6.0_17-b04
# Java VM: Java HotSpot(TM) Client VM (14.3-b01 mixed mode windows-x86 )
# Problematic frame:
# C  0x6970f101
#
# If you would like to submit a bug report, please visit:
#   http://java.sun.com/webapps/bugreport/crash.jsp
# The crash happened outside the Java Virtual Machine in native code.
# See problematic frame for where to report the bug.
#

---------------  T H R E A D  ---------------

Current thread (0x04c1a400):  JavaThread "main" [_thread_in_native, id=4260, stack(0x00430000,0x00c30000)]

siginfo: ExceptionCode=0xc0000005, writing address 0x00c0a361

Registers:
EAX=0x6970f101, EBX=0x7ffd8000, ECX=0x1c1f07d0, EDX=0x00205f44
ESP=0x00c2aabc, EBP=0x00c2aad4, ESI=0x0000000d, EDI=0x00205d04
EIP=0x6970f101, EFLAGS=0x00210202

Top of Stack: (sp=0x00c2aabc)
0x00c2aabc:   7776d690 1c1f07d0 7ffd8000 7ffdf000
0x00c2aacc:   00000000 0000000e 00c2ab6c 7776e3d9
0x00c2aadc:   00205cc8 70e4b6c4 777e7340 777e7380
0x00c2aaec:   00000000 00000000 00000000 00000000
0x00c2aafc:   00000000 00000000 00000000 00000000
0x00c2ab0c:   00000000 00000000 00000000 00000000
0x00c2ab1c:   00000000 00000000 00000000 00000000
0x00c2ab2c:   00000000 00000000 00000000 006e006c 

Instructions: (pc=0x6970f101)
0x6970f0f1:   17 4a 69 e9 a4 04 00 00 83 f8 01 0f 85 9b 04 00
0x6970f101:   00 8d 8d f8 fd ff ff bf 98 e6 52 69 e8 6b 78 e8 


Stack: [0x00430000,0x00c30000],  sp=0x00c2aabc,  free space=8170k
Native frames: (J=compiled Java code, j=interpreted, Vv=VM code, C=native code)
C  0x6970f101
C  [ntdll.dll+0x5e3d9]
C  [ntdll.dll+0x5e12f]
C  [kernel32.dll+0x5bbf7]
C  [MSVCR80.dll+0x1720]
C  [MSVCR80.dll+0x1a4b]
C  [mcr.dll+0x4363e]
C  [m_dispatcher.dll+0xb68c]
C  [m_dispatcher.dll+0xb2d7]
C  [m_dispatcher.dll+0x3f07]
C  [m_dispatcher.dll+0xb68c]
C  [m_dispatcher.dll+0xb2d7]
C  [m_interpreter.dll+0xa80f4]
C  [m_interpreter.dll+0xa27d8]
C  [m_interpreter.dll+0xc8954]
C  [nativejmi.dll+0x375a]
C  [nativejmi.dll+0x40c8]
C  [nativejmi.dll+0x46fa]
C  [nativejmi.dll+0xd27d]
C  [nativejmi.dll+0xd343]
j  com.mathworks.jmi.NativeMatlab.SendMatlabMessage(Ljava/lang/Object;)Ljava/lang/Object;+0
j  com.mathworks.jmi.NativeMatlab.sendMatlabMessage(Ljava/lang/Object;)Ljava/lang/Object;+22
j  com.mathworks.jmi.MatlabLooper.sendMatlabMessage(Lcom/mathworks/services/message/MWMessage;)Ljava/lang/Object;+20
j  com.mathworks.jmi.Matlab.mtFevalConsoleOutput(Ljava/lang/String;[Ljava/lang/Object;I)Ljava/lang/Object;+58
j  com.mathworks.mde.desk.MLDesktop$8.run()V+14
j  com.mathworks.jmi.NativeMatlab.dispatchMTRequests(Z)V+50
v  ~StubRoutines::call_stub
V  [jvm.dll+0xecf9c]
V  [jvm.dll+0x1741d1]
V  [jvm.dll+0xed01d]
V  [jvm.dll+0xf5be5]
V  [jvm.dll+0xfd932]
C  [jmi.dll+0x10392]
C  [jmi.dll+0x160f4]
C  [jmi.dll+0x16167]
C  [jmi.dll+0x31e6e]
C  [jmi.dll+0x316d6]
C  [uiw.dll+0x48e21]
C  [uiw.dll+0x493cf]
C  [USER32.dll+0x36d80]
C  [USER32.dll+0xe1a9]
C  [USER32.dll+0x1248f]
C  [ntdll.dll+0x46fce]
C  [uiw.dll+0x1ebfc]
C  [uiw.dll+0x1b9e0]
C  [libmwbridge.dll+0x3e3f]
C  [libmwbridge.dll+0x4327]
C  [libmwbridge.dll+0x46a3]
C  [libmwbridge.dll+0xa61d]
C  [libmwbridge.dll+0xa74c]
C  [libmwbridge.dll+0xaabd]
C  [mcr.dll+0x2b423]
C  [mcr.dll+0x144c2]
C  [mcr.dll+0x14595]
C  [mcr.dll+0x12148]
C  [uiw.dll+0x48e21]
C  [uiw.dll+0x493cf]
C  [USER32.dll+0x36d80]
C  [USER32.dll+0xe1a9]
C  [USER32.dll+0x1248f]
C  [ntdll.dll+0x46fce]
C  [uiw.dll+0x1e624]
C  [uiw.dll+0x1e67f]
C  [uiw.dll+0x4a4e5]
C  [libuij.dll+0x21b07]
C  [libuij.dll+0x221da]
C  [libuij.dll+0x23183]
C  [libuij.dll+0x23a43]
C  [libuij.dll+0x23c36]
C  [libuij.dll+0x23d24]
C  [libuij.dll+0x23ea2]
C  [mcr.dll+0x14e3a]
C  [mcr.dll+0x1506d]
C  [mcr.dll+0x1531c]
C  [mcr.dll+0x15a4c]
C  [MATLAB.exe+0x6202]
C  [MATLAB.exe+0x62c5]
C  [MATLAB.exe+0x638d]
C  [MATLAB.exe+0x6834]
C  [kernel32.dll+0x4ed6c]
C  [ntdll.dll+0x6377b]
C  [ntdll.dll+0x6374e]

Java frames: (J=compiled Java code, j=interpreted, Vv=VM code)
j  com.mathworks.jmi.NativeMatlab.SendMatlabMessage(Ljava/lang/Object;)Ljava/lang/Object;+0
j  com.mathworks.jmi.NativeMatlab.sendMatlabMessage(Ljava/lang/Object;)Ljava/lang/Object;+22
j  com.mathworks.jmi.MatlabLooper.sendMatlabMessage(Lcom/mathworks/services/message/MWMessage;)Ljava/lang/Object;+20
j  com.mathworks.jmi.Matlab.mtFevalConsoleOutput(Ljava/lang/String;[Ljava/lang/Object;I)Ljava/lang/Object;+58
j  com.mathworks.mde.desk.MLDesktop$8.run()V+14
j  com.mathworks.jmi.NativeMatlab.dispatchMTRequests(Z)V+50
v  ~StubRoutines::call_stub

---------------  P R O C E S S  ---------------

Java Threads: ( => current thread )
  0x0e0ba800 JavaThread "Foxtrot Single Worker Thread #1" daemon [_thread_blocked, id=1304, stack(0x05380000,0x05400000)]
  0x0e0b9c00 JavaThread "Active Reference Queue Daemon" daemon [_thread_blocked, id=4940, stack(0x1cef0000,0x1cf70000)]
  0x0e0b7000 JavaThread "Timer-32" daemon [_thread_blocked, id=4852, stack(0x0fed0000,0x0ff50000)]
  0x0e0b9400 JavaThread "RequestQueue for GenericFileList" [_thread_blocked, id=6008, stack(0x1cf80000,0x1d000000)]
  0x0e0b8400 JavaThread "Timer-4" daemon [_thread_blocked, id=5452, stack(0x0ff50000,0x0ffd0000)]
  0x0e0b6c00 JavaThread "Prefs Updater" daemon [_thread_blocked, id=4168, stack(0x0fd50000,0x0fdd0000)]
  0x0e0b6000 JavaThread "Timer-1" [_thread_blocked, id=1152, stack(0x0fc50000,0x0fcd0000)]
  0x0df87000 JavaThread "TimerQueue" daemon [_thread_blocked, id=4572, stack(0x0a990000,0x0aa10000)]
  0x0df35800 JavaThread "AWT-EventQueue-0" [_thread_blocked, id=3940, stack(0x0a900000,0x0a980000)]
  0x0ddfd800 JavaThread "AWT-Windows" daemon [_thread_in_native, id=3796, stack(0x0e5d0000,0x0e650000)]
  0x0dcbc800 JavaThread "AWT-Shutdown" [_thread_blocked, id=5988, stack(0x0e550000,0x0e5d0000)]
  0x0dcbc400 JavaThread "Java2D Disposer" daemon [_thread_blocked, id=6132, stack(0x0e4d0000,0x0e550000)]
  0x0ce69000 JavaThread "Timer-0" [_thread_blocked, id=928, stack(0x0d790000,0x0d810000)]
  0x0ce06400 JavaThread "JMI Unnamed Thread" [_thread_in_native, id=5284, stack(0x07720000,0x07f20000)]
  0x0cd91000 JavaThread "Low Memory Detector" daemon [_thread_blocked, id=5540, stack(0x0a5d0000,0x0a650000)]
  0x04cdc400 JavaThread "CompilerThread0" daemon [_thread_blocked, id=3928, stack(0x0c590000,0x0cd90000)]
  0x04cd1800 JavaThread "Attach Listener" daemon [_thread_blocked, id=5900, stack(0x0a4a0000,0x0a520000)]
  0x04c9c400 JavaThread "Finalizer" daemon [_thread_blocked, id=900, stack(0x0a420000,0x0a4a0000)]
  0x04c97c00 JavaThread "Reference Handler" daemon [_thread_blocked, id=4444, stack(0x0a3a0000,0x0a420000)]
=>0x04c1a400 JavaThread "main" [_thread_in_native, id=4260, stack(0x00430000,0x00c30000)]

Other Threads:
  0x04c94000 VMThread [stack: 0x0bd90000,0x0c590000] [id=1128]
  0x0cd9b000 WatcherThread [stack: 0x0cf90000,0x0d790000] [id=1588]

VM state:not at safepoint (normal execution)

VM Mutex/Monitor currently owned by a thread: None

Heap
 def new generation   total 29504K, used 21962K [0x10050000, 0x12050000, 0x12050000)
  eden space 26240K,  79% used [0x10050000, 0x114b6e50, 0x119f0000)
  from space 3264K,  32% used [0x11d20000, 0x11e2bab8, 0x12050000)
  to   space 3264K,   0% used [0x119f0000, 0x119f0000, 0x11d20000)
 tenured generation   total 98304K, used 79154K [0x12050000, 0x18050000, 0x18050000)
   the space 98304K,  80% used [0x12050000, 0x16d9ca48, 0x16d9cc00, 0x18050000)
 compacting perm gen  total 38400K, used 38183K [0x18050000, 0x1a5d0000, 0x1c050000)
   the space 38400K,  99% used [0x18050000, 0x1a599f08, 0x1a59a000, 0x1a5d0000)
No shared spaces configured.

Dynamic libraries:
0x00400000 - 0x00424000 	C:\Program Files\MATLAB\R2010b\bin\win32\MATLAB.exe
0x77710000 - 0x7784c000 	C:\Windows\SYSTEM32\ntdll.dll
0x75e20000 - 0x75ef4000 	C:\Windows\system32\kernel32.dll
0x758e0000 - 0x7592a000 	C:\Windows\system32\KERNELBASE.dll
0x7bc20000 - 0x7bcd1000 	C:\Program Files\MATLAB\R2010b\bin\win32\libut.dll
0x10000000 - 0x10045000 	C:\Program Files\MATLAB\R2010b\bin\win32\libmwi18n.dll
0x000e0000 - 0x000ee000 	C:\Program Files\MATLAB\R2010b\bin\win32\boost_date_time-vc80-mt-1_40.dll
0x73520000 - 0x735a7000 	C:\Windows\WinSxS\x86_microsoft.vc80.crt_1fc8b3b9a1e18e3b_8.0.50727.6195_none_d09154e044272b9a\MSVCP80.dll
0x73650000 - 0x736eb000 	C:\Windows\WinSxS\x86_microsoft.vc80.crt_1fc8b3b9a1e18e3b_8.0.50727.6195_none_d09154e044272b9a\MSVCR80.dll
0x77370000 - 0x7741c000 	C:\Windows\system32\msvcrt.dll
0x00100000 - 0x00113000 	C:\Program Files\MATLAB\R2010b\bin\win32\boost_filesystem-vc80-mt-1_40.dll
0x00130000 - 0x00137000 	C:\Program Files\MATLAB\R2010b\bin\win32\boost_system-vc80-mt-1_40.dll
0x00150000 - 0x0015e000 	C:\Program Files\MATLAB\R2010b\bin\win32\boost_thread-vc80-mt-1_40.dll
0x7c2e0000 - 0x7c2ff000 	C:\Program Files\MATLAB\R2010b\bin\win32\LIBEXPAT.dll
0x7b930000 - 0x7ba44000 	C:\Program Files\MATLAB\R2010b\bin\win32\icuin42.dll
0x7c070000 - 0x7c163000 	C:\Program Files\MATLAB\R2010b\bin\win32\icuuc42.dll
0x763a0000 - 0x76440000 	C:\Windows\system32\ADVAPI32.dll
0x75b60000 - 0x75b79000 	C:\Windows\SYSTEM32\sechost.dll
0x77560000 - 0x77601000 	C:\Windows\system32\RPCRT4.dll
0x00c30000 - 0x01b78000 	C:\Program Files\MATLAB\R2010b\bin\win32\icudt42.dll
0x787e0000 - 0x78898000 	C:\Program Files\MATLAB\R2010b\bin\win32\libmwfl.dll
0x75df0000 - 0x75e1a000 	C:\Windows\system32\imagehlp.dll
0x760d0000 - 0x760d5000 	C:\Windows\system32\PSAPI.DLL
0x002b0000 - 0x0034b000 	C:\Program Files\MATLAB\R2010b\bin\win32\boost_regex-vc80-mt-1_40.dll
0x75b80000 - 0x75c49000 	C:\Windows\system32\USER32.dll
0x76080000 - 0x760ce000 	C:\Windows\system32\GDI32.dll
0x77930000 - 0x7793a000 	C:\Windows\system32\LPK.dll
0x760f0000 - 0x7618d000 	C:\Windows\system32\USP10.dll
0x00360000 - 0x0036f000 	C:\Program Files\MATLAB\R2010b\bin\win32\boost_signals-vc80-mt-1_40.dll
0x7b7a0000 - 0x7b7ac000 	C:\Program Files\MATLAB\R2010b\bin\win32\icuio42.dll
0x7bd40000 - 0x7bf5c000 	C:\Program Files\MATLAB\R2010b\bin\win32\libmwservices.dll
0x7bce0000 - 0x7bd31000 	C:\Program Files\MATLAB\R2010b\bin\win32\libmx.dll
0x78cf0000 - 0x78d03000 	C:\Program Files\MATLAB\R2010b\bin\win32\zlib1.dll
0x7bf60000 - 0x7c065000 	C:\Program Files\MATLAB\R2010b\bin\win32\libmwmathutil.dll
0x7a110000 - 0x7a14b000 	C:\Program Files\MATLAB\R2010b\bin\win32\mpath.dll
0x7c3e0000 - 0x7c542000 	C:\Program Files\MATLAB\R2010b\bin\win32\mlutil.dll
0x7d300000 - 0x7d35d000 	C:\Program Files\MATLAB\R2010b\bin\win32\xmlcore.dll
0x799d0000 - 0x79b92000 	C:\Program Files\MATLAB\R2010b\bin\win32\xerces-c_2_7.dll
0x77850000 - 0x77885000 	C:\Windows\system32\WS2_32.dll
0x76190000 - 0x76196000 	C:\Windows\system32\NSI.dll
0x76600000 - 0x7724a000 	C:\Windows\system32\SHELL32.dll
0x75f50000 - 0x75fa7000 	C:\Windows\system32\SHLWAPI.dll
0x72240000 - 0x722c4000 	C:\Windows\WinSxS\x86_microsoft.windows.common-controls_6595b64144ccf1df_5.82.7601.17514_none_ec83dffa859149af\COMCTL32.dll
0x778b0000 - 0x7792b000 	C:\Windows\system32\comdlg32.dll
0x741d0000 - 0x741e1000 	C:\Windows\system32\NETAPI32.dll
0x750a0000 - 0x750a9000 	C:\Windows\system32\netutils.dll
0x755d0000 - 0x755e9000 	C:\Windows\system32\srvcli.dll
0x741c0000 - 0x741cf000 	C:\Windows\system32\wkscli.dll
0x01b80000 - 0x01bae000 	C:\Program Files\MATLAB\R2010b\bin\win32\tbb.dll
0x7a3c0000 - 0x7a435000 	C:\Program Files\MATLAB\R2010b\bin\win32\mcr.dll
0x7b7b0000 - 0x7b81a000 	C:\Program Files\MATLAB\R2010b\bin\win32\iqm.dll
0x7a9c0000 - 0x7ae71000 	C:\Program Files\MATLAB\R2010b\bin\win32\m_interpreter.dll
0x7b830000 - 0x7b83c000 	C:\Program Files\MATLAB\R2010b\bin\win32\libmex.dll
0x7a290000 - 0x7a2f9000 	C:\Program Files\MATLAB\R2010b\bin\win32\m_dispatcher.dll
0x7a1a0000 - 0x7a1f7000 	C:\Program Files\MATLAB\R2010b\bin\win32\profiler.dll
0x7b890000 - 0x7b8b2000 	C:\Program Files\MATLAB\R2010b\bin\win32\libmwmathrng.dll
0x78c60000 - 0x78c72000 	C:\Program Files\MATLAB\R2010b\bin\win32\m_pcodeio.dll
0x7a0d0000 - 0x7a107000 	C:\Program Files\MATLAB\R2010b\bin\win32\m_ir.dll
0x7a4c0000 - 0x7a9c0000 	C:\Program Files\MATLAB\R2010b\bin\win32\m_parser.dll
0x7b820000 - 0x7b82e000 	C:\Program Files\MATLAB\R2010b\bin\win32\ir_xfmr.dll
0x788a0000 - 0x78a0f000 	C:\Program Files\MATLAB\R2010b\bin\win32\mcos.dll
0x7b8d0000 - 0x7b8da000 	C:\Program Files\MATLAB\R2010b\bin\win32\mtok.dll
0x78c40000 - 0x78c56000 	C:\Program Files\MATLAB\R2010b\bin\win32\m_pcodegen.dll
0x78300000 - 0x78337000 	C:\Program Files\MATLAB\R2010b\bin\win32\libmwspmatrix.dll
0x78340000 - 0x78360000 	C:\Program Files\MATLAB\R2010b\bin\win32\libmwbridge.dll
0x7b480000 - 0x7b504000 	C:\Program Files\MATLAB\R2010b\bin\win32\udd.dll
0x7c170000 - 0x7c273000 	C:\Program Files\MATLAB\R2010b\bin\win32\libmwgui.dll
0x78d50000 - 0x79222000 	C:\Program Files\MATLAB\R2010b\bin\win32\hg.dll
0x78bc0000 - 0x78bf6000 	C:\Program Files\MATLAB\R2010b\bin\win32\libmat.dll
0x7ba50000 - 0x7bc19000 	C:\Program Files\MATLAB\R2010b\bin\win32\libhdf5.dll
0x7a020000 - 0x7a075000 	C:\Program Files\MATLAB\R2010b\bin\win32\jmi.dll
0x79cf0000 - 0x79d1a000 	C:\Program Files\MATLAB\R2010b\bin\win32\libmwhardcopy.dll
0x7a080000 - 0x7a0c1000 	C:\Program Files\MATLAB\R2010b\bin\win32\libuij.dll
0x786a0000 - 0x787d0000 	C:\Program Files\MATLAB\R2010b\bin\win32\hgdatatypes.dll
0x78630000 - 0x7869b000 	C:\Program Files\MATLAB\R2010b\bin\win32\hgutils.dll
0x78c00000 - 0x78c34000 	C:\Program Files\MATLAB\R2010b\bin\win32\libmwlapack.dll
0x7b850000 - 0x7b85e000 	C:\Program Files\MATLAB\R2010b\bin\win32\libmwbinder.dll
0x7b510000 - 0x7b790000 	C:\Program Files\MATLAB\R2010b\bin\win32\uiw.dll
0x7b920000 - 0x7b929000 	C:\Program Files\MATLAB\R2010b\bin\win32\uinone.dll
0x73410000 - 0x7351f000 	C:\Windows\WinSxS\x86_microsoft.vc80.mfc_1fc8b3b9a1e18e3b_8.0.50727.5592_none_cbf62b764709d1c9\MFC80.DLL
0x702f0000 - 0x70341000 	C:\Windows\system32\WINSPOOL.DRV
0x764a0000 - 0x765fc000 	C:\Windows\system32\ole32.dll
0x77250000 - 0x772df000 	C:\Windows\system32\OLEAUT32.dll
0x7a440000 - 0x7a4b7000 	C:\Program Files\MATLAB\R2010b\bin\win32\udd_mi.dll
0x78c80000 - 0x78c93000 	C:\Program Files\MATLAB\R2010b\bin\win32\mwoles05.DLL
0x7a150000 - 0x7a19a000 	C:\Program Files\MATLAB\R2010b\bin\win32\comcli.dll
0x72f00000 - 0x72f1b000 	C:\Windows\WinSxS\x86_microsoft.vc80.atl_1fc8b3b9a1e18e3b_8.0.50727.5592_none_d1cb520e4353d918\ATL80.DLL
0x7b8c0000 - 0x7b8cb000 	C:\Program Files\MATLAB\R2010b\bin\win32\mlautoregister.dll
0x77890000 - 0x778af000 	C:\Windows\system32\IMM32.DLL
0x75fb0000 - 0x7607c000 	C:\Windows\system32\MSCTF.dll
0x74840000 - 0x74880000 	C:\Windows\system32\uxtheme.dll
0x75860000 - 0x7586b000 	C:\Windows\system32\profapi.dll
0x747a0000 - 0x747a3000 	C:\Windows\system32\icmp.Dll
0x73630000 - 0x7364c000 	C:\Windows\system32\iphlpapi.DLL
0x73620000 - 0x73627000 	C:\Windows\system32\WINNSI.DLL
0x75770000 - 0x7578b000 	C:\Windows\system32\SspiCli.dll
0x73e60000 - 0x73e70000 	C:\Windows\system32\NLAapi.dll
0x71bf0000 - 0x71c00000 	C:\Windows\system32\napinsp.dll
0x71bd0000 - 0x71be2000 	C:\Windows\system32\pnrpnsp.dll
0x752d0000 - 0x7530c000 	C:\Windows\System32\mswsock.dll
0x75190000 - 0x751d4000 	C:\Windows\system32\DNSAPI.dll
0x71bc0000 - 0x71bc8000 	C:\Windows\System32\winrnr.dll
0x01e70000 - 0x01e78000 	C:\Program Files\National Instruments\Shared\mDNS Responder\nimdnsNSP.dll
0x02140000 - 0x02149000 	C:\Windows\system32\nimdnsResponder.dll
0x72400000 - 0x724a3000 	C:\Windows\WinSxS\x86_microsoft.vc90.crt_1fc8b3b9a1e18e3b_9.0.30729.5054_none_509208cabcb9216b\MSVCR90.dll
0x730b0000 - 0x730e8000 	C:\Windows\System32\fwpuclnt.dll
0x71dc0000 - 0x71dc6000 	C:\Windows\system32\rasadhlp.dll
0x74de0000 - 0x74de5000 	C:\Windows\System32\wshtcpip.dll
0x73090000 - 0x7309d000 	C:\Windows\system32\dhcpcsvc6.DLL
0x73070000 - 0x73082000 	C:\Windows\system32\dhcpcsvc.DLL
0x757e0000 - 0x757ec000 	C:\Windows\system32\CRYPTBASE.dll
0x75960000 - 0x75987000 	C:\Windows\system32\CFGMGR32.dll
0x79d90000 - 0x7a01b000 	C:\Program Files\MATLAB\R2010b\sys\java\jre\win32\jre\bin\client\jvm.dll
0x73b50000 - 0x73b82000 	C:\Windows\system32\WINMM.dll
0x7c300000 - 0x7c356000 	C:\Program Files\MATLAB\R2010b\bin\win32\MSVCR71.dll
0x75790000 - 0x757dc000 	C:\Windows\system32\apphelp.dll
0x74360000 - 0x74373000 	C:\Windows\system32\dwmapi.dll
0x72de0000 - 0x72ecb000 	C:\Windows\system32\dbghelp.dll
0x7a270000 - 0x7a27c000 	C:\Program Files\MATLAB\R2010b\sys\java\jre\win32\jre\bin\verify.dll
0x78d10000 - 0x78d2f000 	C:\Program Files\MATLAB\R2010b\sys\java\jre\win32\jre\bin\java.dll
0x7a250000 - 0x7a258000 	C:\Program Files\MATLAB\R2010b\sys\java\jre\win32\jre\bin\hpi.dll
0x7a280000 - 0x7a28f000 	C:\Program Files\MATLAB\R2010b\sys\java\jre\win32\jre\bin\zip.dll
0x772e0000 - 0x77363000 	C:\Windows\system32\CLBCatQ.DLL
0x78ca0000 - 0x78cba000 	C:\Program Files\MATLAB\R2010b\bin\win32\nativejava.dll
0x71420000 - 0x71432000 	C:\Windows\system32\MPR.dll
0x78cc0000 - 0x78ce8000 	C:\Program Files\MATLAB\R2010b\bin\win32\nativejmi.dll
0x7b910000 - 0x7b916000 	C:\Program Files\MATLAB\R2010b\bin\win32\nativeservices.dll
0x79ba0000 - 0x79cea000 	C:\Program Files\MATLAB\R2010b\sys\java\jre\win32\jre\bin\awt.dll

VM Arguments:
jvm_args: -Xss512k -XX:PermSize=32m -Xms64m -XX:NewRatio=3 -XX:MaxPermSize=64m -Xmx128m -XX:MaxDirectMemorySize=1200000000 -Dsun.java2d.noddraw=true -Dsun.awt.nopixfmt=true -Xshare:off -Xrs -Dsun.awt.disableMixing=true -Djava.library.path=C:\Program Files\MATLAB\R2010b\bin\win32 vfprintf abort 
java_command: <unknown>
Launcher Type: generic

Environment Variables:
JAVA_HOME=C:\Software\j2sdk1.4.2_05
CLASSPATH=.;C:\Program Files\Java\jre7\lib\ext\QTJava.zip
PATH=#:\Software\Perl\site\bin\;C:\Software\Perl\bin\;C:\nexus\AddOns;C:\Windows\system32;C:\Windows;C:\Windows\System32\Wbem;C:\Windows\System32\WindowsPowerShell\v1.0\;C:\Program Files\msi2xml\;C:\Software\AMESim\v810;C:\Software\AMESim\v810\win32;C:\Software\AMESim\v810\sys\mingw32\bin;C:\Software\AMESim\v810\sys\mpich\mpd\bin;C:\Software\AMESim\v810\sys\cgns
USERNAME=gongpauc
OS=Windows_NT
PROCESSOR_IDENTIFIER=x86 Family 6 Model 26 Stepping 5, GenuineIntel



---------------  S Y S T E M  ---------------

OS: Windows 7 Build 7601 Service Pack 1

CPU:total 8 (8 cores per cpu, 2 threads per core) family 6 model 26 stepping 5, cmov, cx8, fxsr, mmx, sse, sse2, sse3, ssse3, sse4.1, sse4.2, ht

Memory: 4k page, physical 3135608k(1257980k free), swap 4194303k(3630612k free)

vm_info: Java HotSpot(TM) Client VM (14.3-b01) for windows-x86 JRE (1.6.0_17-b04), built on Oct 11 2009 00:52:06 by "java_re" with MS VC++ 7.1

time: Wed Jul 04 18:51:53 2012
elapsed time: 6942 seconds

